# JRE version: OpenJDK Runtime Environment Zulu15.40+19-CA (15.0.7+4) (build 15.0.7+4-MTS)
# Java VM: OpenJDK 64-Bit Server VM Zulu15.40+19-CA (15.0.7+4-MTS, mixed mode, tiered, compressed oops, g1 gc, bsd-aarch64)
GC Precious Log:
 CPUs: 8 total, 8 available
 Memory: 16384M
 Large Page Support: Disabled
 NUMA Support: Disabled
 Compressed Oops: Enabled (Zero based)
 Heap Region Size: 1M
 Heap Min Capacity: 8M
 Heap Initial Capacity: 256M
 Heap Max Capacity: 1G
 Pre-touch: Disabled
 Parallel Workers: 8
 Concurrent Workers: 2
 Concurrent Refinement Workers: 8
 Periodic GC: Disabled
Heap:
 garbage-first heap   total 183296K, used 130593K [0x0000000780000000, 0x00000007c0000000)
  region size 1024K, 37 young (37888K), 6 survivors (6144K)
 Metaspace       used 9373K, capacity 9580K, committed 9856K, reserved 1058816K
  class space    used 813K, capacity 862K, committed 896K, reserved 1048576K
GC Heap History (20 events):
Event: 2.582 GC heap before
{Heap before GC invocations=40 (full 17):
 garbage-first heap   total 233472K, used 153031K [0x0000000780000000, 0x00000007c0000000)
  region size 1024K, 27 young (27648K), 1 survivors (1024K)
 Metaspace       used 9353K, capacity 9580K, committed 9856K, reserved 1058816K
  class space    used 813K, capacity 862K, committed 896K, reserved 1048576K
}
Event: 2.629 GC heap after
{Heap after GC invocations=41 (full 18):
 garbage-first heap   total 233472K, used 128347K [0x0000000780000000, 0x00000007c0000000)
  region size 1024K, 0 young (0K), 0 survivors (0K)
 Metaspace       used 9353K, capacity 9580K, committed 9856K, reserved 1058816K
  class space    used 813K, capacity 862K, committed 896K, reserved 1048576K
}
Event: 35.680 GC heap before
{Heap before GC invocations=41 (full 18):
 garbage-first heap   total 233472K, used 172379K [0x0000000780000000, 0x00000007c0000000)
  region size 1024K, 45 young (46080K), 0 survivors (0K)
 Metaspace       used 9353K, capacity 9580K, committed 9856K, reserved 1058816K
  class space    used 813K, capacity 862K, committed 896K, reserved 1048576K
}
Event: 35.687 GC heap after
{Heap after GC invocations=42 (full 19):
 garbage-first heap   total 30720K, used 5630K [0x0000000780000000, 0x00000007c0000000)
  region size 1024K, 0 young (0K), 0 survivors (0K)
 Metaspace       used 9353K, capacity 9580K, committed 9856K, reserved 1058816K
  class space    used 813K, capacity 862K, committed 896K, reserved 1048576K
}
Event: 35.721 GC heap before
{Heap before GC invocations=42 (full 19):
 garbage-first heap   total 30720K, used 26110K [0x0000000780000000, 0x00000007c0000000)
  region size 1024K, 15 young (15360K), 0 survivors (0K)
 Metaspace       used 9362K, capacity 9580K, committed 9856K, reserved 1058816K
  class space    used 813K, capacity 862K, committed 896K, reserved 1048576K
}
Event: 35.734 GC heap after
{Heap after GC invocations=43 (full 19):
 garbage-first heap   total 153600K, used 25638K [0x0000000780000000, 0x00000007c0000000)
  region size 1024K, 2 young (2048K), 2 survivors (2048K)
 Metaspace       used 9362K, capacity 9580K, committed 9856K, reserved 1058816K
  class space    used 813K, capacity 862K, committed 896K, reserved 1048576K
}
Event: 35.759 GC heap before
{Heap before GC invocations=43 (full 19):
 garbage-first heap   total 153600K, used 90150K [0x0000000780000000, 0x00000007c0000000)
  region size 1024K, 65 young (66560K), 2 survivors (2048K)
 Metaspace       used 9362K, capacity 9580K, committed 9856K, reserved 1058816K
  class space    used 813K, capacity 862K, committed 896K, reserved 1048576K
}
Event: 35.796 GC heap after
{Heap after GC invocations=44 (full 19):
 garbage-first heap   total 153600K, used 72190K [0x0000000780000000, 0x00000007c0000000)
  region size 1024K, 9 young (9216K), 9 survivors (9216K)
 Metaspace       used 9362K, capacity 9580K, committed 9856K, reserved 1058816K
  class space    used 813K, capacity 862K, committed 896K, reserved 1048576K
}
Event: 35.822 GC heap before
{Heap before GC invocations=44 (full 19):
 garbage-first heap   total 153600K, used 102910K [0x0000000780000000, 0x00000007c0000000)
  region size 1024K, 39 young (39936K), 9 survivors (9216K)
 Metaspace       used 9362K, capacity 9580K, committed 9856K, reserved 1058816K
  class space    used 813K, capacity 862K, committed 896K, reserved 1048576K
}
Event: 35.843 GC heap after
{Heap after GC invocations=45 (full 19):
 garbage-first heap   total 153600K, used 77287K [0x0000000780000000, 0x00000007c0000000)
  region size 1024K, 5 young (5120K), 5 survivors (5120K)
 Metaspace       used 9362K, capacity 9580K, committed 9856K, reserved 1058816K
  class space    used 813K, capacity 862K, committed 896K, reserved 1048576K
}
Event: 35.863 GC heap before
{Heap before GC invocations=45 (full 19):
 garbage-first heap   total 153600K, used 108007K [0x0000000780000000, 0x00000007c0000000)
  region size 1024K, 35 young (35840K), 5 survivors (5120K)
 Metaspace       used 9362K, capacity 9580K, committed 9856K, reserved 1058816K
  class space    used 813K, capacity 862K, committed 896K, reserved 1048576K
}
Event: 35.869 GC heap after
{Heap after GC invocations=46 (full 19):
 garbage-first heap   total 153600K, used 81306K [0x0000000780000000, 0x00000007c0000000)
  region size 1024K, 4 young (4096K), 4 survivors (4096K)
 Metaspace       used 9362K, capacity 9580K, committed 9856K, reserved 1058816K
  class space    used 813K, capacity 862K, committed 896K, reserved 1048576K
}
Event: 35.891 GC heap before
{Heap before GC invocations=46 (full 19):
 garbage-first heap   total 153600K, used 112026K [0x0000000780000000, 0x00000007c0000000)
  region size 1024K, 34 young (34816K), 4 survivors (4096K)
 Metaspace       used 9362K, capacity 9580K, committed 9856K, reserved 1058816K
  class space    used 813K, capacity 862K, committed 896K, reserved 1048576K
}
Event: 35.898 GC heap after
{Heap after GC invocations=47 (full 19):
 garbage-first heap   total 153600K, used 85259K [0x0000000780000000, 0x00000007c0000000)
  region size 1024K, 4 young (4096K), 4 survivors (4096K)
 Metaspace       used 9362K, capacity 9580K, committed 9856K, reserved 1058816K
  class space    used 813K, capacity 862K, committed 896K, reserved 1048576K
}
Event: 35.920 GC heap before
{Heap before GC invocations=47 (full 19):
 garbage-first heap   total 183296K, used 114955K [0x0000000780000000, 0x00000007c0000000)
  region size 1024K, 33 young (33792K), 4 survivors (4096K)
 Metaspace       used 9362K, capacity 9580K, committed 9856K, reserved 1058816K
  class space    used 813K, capacity 862K, committed 896K, reserved 1048576K
}
Event: 35.926 GC heap after
{Heap after GC invocations=48 (full 19):
 garbage-first heap   total 183296K, used 89517K [0x0000000780000000, 0x00000007c0000000)
  region size 1024K, 4 young (4096K), 4 survivors (4096K)
 Metaspace       used 9362K, capacity 9580K, committed 9856K, reserved 1058816K
  class space    used 813K, capacity 862K, committed 896K, reserved 1048576K
}
Event: 35.942 GC heap before
{Heap before GC invocations=48 (full 19):
 garbage-first heap   total 183296K, used 94637K [0x0000000780000000, 0x00000007c0000000)
  region size 1024K, 10 young (10240K), 4 survivors (4096K)
 Metaspace       used 9362K, capacity 9580K, committed 9856K, reserved 1058816K
  class space    used 813K, capacity 862K, committed 896K, reserved 1048576K
}
Event: 35.979 GC heap after
{Heap after GC invocations=49 (full 20):
 garbage-first heap   total 183296K, used 86808K [0x0000000780000000, 0x00000007c0000000)
  region size 1024K, 0 young (0K), 0 survivors (0K)
 Metaspace       used 9362K, capacity 9580K, committed 9856K, reserved 1058816K
  class space    used 813K, capacity 862K, committed 896K, reserved 1048576K
}
Event: 36.002 GC heap before
{Heap before GC invocations=49 (full 20):
 garbage-first heap   total 183296K, used 129816K [0x0000000780000000, 0x00000007c0000000)
  region size 1024K, 43 young (44032K), 0 survivors (0K)
 Metaspace       used 9362K, capacity 9580K, committed 9856K, reserved 1058816K
  class space    used 813K, capacity 862K, committed 896K, reserved 1048576K
}
Event: 36.009 GC heap after
{Heap after GC invocations=50 (full 20):
 garbage-first heap   total 183296K, used 97825K [0x0000000780000000, 0x00000007c0000000)
  region size 1024K, 6 young (6144K), 6 survivors (6144K)
 Metaspace       used 9362K, capacity 9580K, committed 9856K, reserved 1058816K
  class space    used 813K, capacity 862K, committed 896K, reserved 1048576K
}

